This is XeTeX, Version 3.14159265-2.6-0.999992 (TeX Live 2020/W32TeX) (preloaded format=xelatex 2020.11.9)  13 NOV 2020 12:17
entering extended mode
 restricted \write18 enabled.
 %&-line parsing enabled.
**why_learn_R.tex
(./why_learn_R.tex
LaTeX2e <2020-10-01> patch level 2
L3 programming layer <2020-10-27> xparse <2020-03-03> (g:/Tinytex/texmf-dist/te
x/latex/beamer/beamer.cls
Document Class: beamer 2020/07/22 v3.59 A class for typesetting presentations
(g:/Tinytex/texmf-dist/tex/latex/beamer/beamerbasemodes.sty (g:/Tinytex/texmf-d
ist/tex/latex/etoolbox/etoolbox.sty
Package: etoolbox 2020/10/05 v2.5k e-TeX tools for LaTeX (JAW)
\etb@tempcnta=\count171
)
\beamer@tempbox=\box47
\beamer@tempcount=\count172
\c@beamerpauses=\count173
(g:/Tinytex/texmf-dist/tex/latex/beamer/beamerbasedecode.sty
\beamer@slideinframe=\count174
\beamer@minimum=\count175
\beamer@decode@box=\box48
)
\beamer@commentbox=\box49
\beamer@modecount=\count176
) (g:/Tinytex/texmf-dist/tex/generic/iftex/ifpdf.sty
Package: ifpdf 2019/10/25 v3.4 ifpdf legacy package. Use iftex instead.
(g:/Tinytex/texmf-dist/tex/generic/iftex/iftex.sty
Package: iftex 2020/03/06 v1.0d TeX engine tests
))
\headdp=\dimen138
\footheight=\dimen139
\sidebarheight=\dimen140
\beamer@tempdim=\dimen141
\beamer@finalheight=\dimen142
\beamer@animht=\dimen143
\beamer@animdp=\dimen144
\beamer@animwd=\dimen145
\beamer@leftmargin=\dimen146
\beamer@rightmargin=\dimen147
\beamer@leftsidebar=\dimen148
\beamer@rightsidebar=\dimen149
\beamer@boxsize=\dimen150
\beamer@vboxoffset=\dimen151
\beamer@descdefault=\dimen152
\beamer@descriptionwidth=\dimen153
\beamer@lastskip=\skip47
\beamer@areabox=\box50
\beamer@animcurrent=\box51
\beamer@animshowbox=\box52
\beamer@sectionbox=\box53
\beamer@logobox=\box54
\beamer@linebox=\box55
\beamer@sectioncount=\count177
\beamer@subsubsectionmax=\count178
\beamer@subsectionmax=\count179
\beamer@sectionmax=\count180
\beamer@totalheads=\count181
\beamer@headcounter=\count182
\beamer@partstartpage=\count183
\beamer@sectionstartpage=\count184
\beamer@subsectionstartpage=\count185
\beamer@animationtempa=\count186
\beamer@animationtempb=\count187
\beamer@xpos=\count188
\beamer@ypos=\count189
\beamer@ypos@offset=\count190
\beamer@showpartnumber=\count191
\beamer@currentsubsection=\count192
\beamer@coveringdepth=\count193
\beamer@sectionadjust=\count194
\beamer@tocsectionnumber=\count195
(g:/Tinytex/texmf-dist/tex/latex/beamer/beamerbaseoptions.sty (g:/Tinytex/texmf
-dist/tex/latex/graphics/keyval.sty
Package: keyval 2014/10/28 v1.15 key=value parser (DPC)
\KV@toks@=\toks15
))
\beamer@paperwidth=\skip48
\beamer@paperheight=\skip49
(g:/Tinytex/texmf-dist/tex/latex/geometry/geometry.sty
Package: geometry 2020/01/02 v5.9 Page Geometry
(g:/Tinytex/texmf-dist/tex/generic/iftex/ifvtex.sty
Package: ifvtex 2019/10/25 v1.7 ifvtex legacy package. Use iftex instead.
)
\Gm@cnth=\count196
\Gm@cntv=\count197
\c@Gm@tempcnt=\count198
\Gm@bindingoffset=\dimen154
\Gm@wd@mp=\dimen155
\Gm@odd@mp=\dimen156
\Gm@even@mp=\dimen157
\Gm@layoutwidth=\dimen158
\Gm@layoutheight=\dimen159
\Gm@layouthoffset=\dimen160
\Gm@layoutvoffset=\dimen161
\Gm@dimlist=\toks16
) (g:/Tinytex/texmf-dist/tex/latex/base/size12.clo
File: size12.clo 2020/04/10 v1.4m Standard LaTeX file (size option)
) (g:/Tinytex/texmf-dist/tex/latex/pgf/basiclayer/pgfcore.sty (g:/Tinytex/texmf
-dist/tex/latex/graphics/graphicx.sty
Package: graphicx 2020/09/09 v1.2b Enhanced LaTeX Graphics (DPC,SPQR)
(g:/Tinytex/texmf-dist/tex/latex/graphics/graphics.sty
Package: graphics 2020/08/30 v1.4c Standard LaTeX Graphics (DPC,SPQR)
(g:/Tinytex/texmf-dist/tex/latex/graphics/trig.sty
Package: trig 2016/01/03 v1.10 sin cos tan (DPC)
) (g:/Tinytex/texmf-dist/tex/latex/graphics-cfg/graphics.cfg
File: graphics.cfg 2016/06/04 v1.11 sample graphics configuration
)
Package graphics Info: Driver file: xetex.def on input line 105.
(g:/Tinytex/texmf-dist/tex/latex/graphics-def/xetex.def
File: xetex.def 2020/08/26 v5.0i Graphics/color driver for xetex
))
\Gin@req@height=\dimen162
\Gin@req@width=\dimen163
) (g:/Tinytex/texmf-dist/tex/latex/pgf/systemlayer/pgfsys.sty (g:/Tinytex/texmf
-dist/tex/latex/pgf/utilities/pgfrcs.sty (g:/Tinytex/texmf-dist/tex/generic/pgf
/utilities/pgfutil-common.tex
\pgfutil@everybye=\toks17
\pgfutil@tempdima=\dimen164
\pgfutil@tempdimb=\dimen165
(g:/Tinytex/texmf-dist/tex/generic/pgf/utilities/pgfutil-common-lists.tex)) (g:
/Tinytex/texmf-dist/tex/generic/pgf/utilities/pgfutil-latex.def
\pgfutil@abb=\box56
) (g:/Tinytex/texmf-dist/tex/generic/pgf/utilities/pgfrcs.code.tex (g:/Tinytex/
texmf-dist/tex/generic/pgf/pgf.revision.tex)
Package: pgfrcs 2020/10/01 v3.1.6a (3.1.6a)
)) (g:/Tinytex/texmf-dist/tex/generic/pgf/systemlayer/pgfsys.code.tex
Package: pgfsys 2020/10/01 v3.1.6a (3.1.6a)
(g:/Tinytex/texmf-dist/tex/generic/pgf/utilities/pgfkeys.code.tex
\pgfkeys@pathtoks=\toks18
\pgfkeys@temptoks=\toks19
(g:/Tinytex/texmf-dist/tex/generic/pgf/utilities/pgfkeysfiltered.code.tex
\pgfkeys@tmptoks=\toks20
))
\pgf@x=\dimen166
\pgf@y=\dimen167
\pgf@xa=\dimen168
\pgf@ya=\dimen169
\pgf@xb=\dimen170
\pgf@yb=\dimen171
\pgf@xc=\dimen172
\pgf@yc=\dimen173
\pgf@xd=\dimen174
\pgf@yd=\dimen175
\w@pgf@writea=\write3
\r@pgf@reada=\read2
\c@pgf@counta=\count199
\c@pgf@countb=\count266
\c@pgf@countc=\count267
\c@pgf@countd=\count268
\t@pgf@toka=\toks21
\t@pgf@tokb=\toks22
\t@pgf@tokc=\toks23
\pgf@sys@id@count=\count269
(g:/Tinytex/texmf-dist/tex/generic/pgf/systemlayer/pgf.cfg
File: pgf.cfg 2020/10/01 v3.1.6a (3.1.6a)
)
Driver file for pgf: pgfsys-xetex.def
(g:/Tinytex/texmf-dist/tex/generic/pgf/systemlayer/pgfsys-xetex.def
File: pgfsys-xetex.def 2020/10/01 v3.1.6a (3.1.6a)
(g:/Tinytex/texmf-dist/tex/generic/pgf/systemlayer/pgfsys-dvipdfmx.def
File: pgfsys-dvipdfmx.def 2020/10/01 v3.1.6a (3.1.6a)
(g:/Tinytex/texmf-dist/tex/generic/pgf/systemlayer/pgfsys-common-pdf.def
File: pgfsys-common-pdf.def 2020/10/01 v3.1.6a (3.1.6a)
)
\pgfsys@objnum=\count270
))) (g:/Tinytex/texmf-dist/tex/generic/pgf/systemlayer/pgfsyssoftpath.code.tex
File: pgfsyssoftpath.code.tex 2020/10/01 v3.1.6a (3.1.6a)
\pgfsyssoftpath@smallbuffer@items=\count271
\pgfsyssoftpath@bigbuffer@items=\count272
) (g:/Tinytex/texmf-dist/tex/generic/pgf/systemlayer/pgfsysprotocol.code.tex
File: pgfsysprotocol.code.tex 2020/10/01 v3.1.6a (3.1.6a)
)) (g:/Tinytex/texmf-dist/tex/latex/xcolor/xcolor.sty
Package: xcolor 2016/05/11 v2.12 LaTeX color extensions (UK)
(g:/Tinytex/texmf-dist/tex/latex/graphics-cfg/color.cfg
File: color.cfg 2016/01/02 v1.6 sample color configuration
)
Package xcolor Info: Driver file: xetex.def on input line 225.
Package xcolor Info: Model `cmy' substituted by `cmy0' on input line 1348.
Package xcolor Info: Model `RGB' extended on input line 1364.
Package xcolor Info: Model `HTML' substituted by `rgb' on input line 1366.
Package xcolor Info: Model `Hsb' substituted by `hsb' on input line 1367.
Package xcolor Info: Model `tHsb' substituted by `hsb' on input line 1368.
Package xcolor Info: Model `HSB' substituted by `hsb' on input line 1369.
Package xcolor Info: Model `Gray' substituted by `gray' on input line 1370.
Package xcolor Info: Model `wave' substituted by `hsb' on input line 1371.
(g:/Tinytex/texmf-dist/tex/latex/graphics/dvipsnam.def
File: dvipsnam.def 2016/06/17 v3.0m Driver-dependent file (DPC,SPQR)
)) (g:/Tinytex/texmf-dist/tex/generic/pgf/basiclayer/pgfcore.code.tex
Package: pgfcore 2020/10/01 v3.1.6a (3.1.6a)
(g:/Tinytex/texmf-dist/tex/generic/pgf/math/pgfmath.code.tex (g:/Tinytex/texmf-
dist/tex/generic/pgf/math/pgfmathcalc.code.tex (g:/Tinytex/texmf-dist/tex/gener
ic/pgf/math/pgfmathutil.code.tex) (g:/Tinytex/texmf-dist/tex/generic/pgf/math/p
gfmathparser.code.tex
\pgfmath@dimen=\dimen176
\pgfmath@count=\count273
\pgfmath@box=\box57
\pgfmath@toks=\toks24
\pgfmath@stack@operand=\toks25
\pgfmath@stack@operation=\toks26
) (g:/Tinytex/texmf-dist/tex/generic/pgf/math/pgfmathfunctions.code.tex (g:/Tin
ytex/texmf-dist/tex/generic/pgf/math/pgfmathfunctions.basic.code.tex)
(g:/Tinytex/texmf-dist/tex/generic/pgf/math/pgfmathfunctions.trigonometric.code
.tex) (g:/Tinytex/texmf-dist/tex/generic/pgf/math/pgfmathfunctions.random.code.
tex)
(g:/Tinytex/texmf-dist/tex/generic/pgf/math/pgfmathfunctions.comparison.code.te
x) (g:/Tinytex/texmf-dist/tex/generic/pgf/math/pgfmathfunctions.base.code.tex) 
(g:/Tinytex/texmf-dist/tex/generic/pgf/math/pgfmathfunctions.round.code.tex) (g
:/Tinytex/texmf-dist/tex/generic/pgf/math/pgfmathfunctions.misc.code.tex)
(g:/Tinytex/texmf-dist/tex/generic/pgf/math/pgfmathfunctions.integerarithmetics
.code.tex))) (g:/Tinytex/texmf-dist/tex/generic/pgf/math/pgfmathfloat.code.tex
\c@pgfmathroundto@lastzeros=\count274
)) (g:/Tinytex/texmf-dist/tex/generic/pgf/math/pgfint.code.tex) (g:/Tinytex/tex
mf-dist/tex/generic/pgf/basiclayer/pgfcorepoints.code.tex
File: pgfcorepoints.code.tex 2020/10/01 v3.1.6a (3.1.6a)
\pgf@picminx=\dimen177
\pgf@picmaxx=\dimen178
\pgf@picminy=\dimen179
\pgf@picmaxy=\dimen180
\pgf@pathminx=\dimen181
\pgf@pathmaxx=\dimen182
\pgf@pathminy=\dimen183
\pgf@pathmaxy=\dimen184
\pgf@xx=\dimen185
\pgf@xy=\dimen186
\pgf@yx=\dimen187
\pgf@yy=\dimen188
\pgf@zx=\dimen189
\pgf@zy=\dimen190
)
(g:/Tinytex/texmf-dist/tex/generic/pgf/basiclayer/pgfcorepathconstruct.code.tex
File: pgfcorepathconstruct.code.tex 2020/10/01 v3.1.6a (3.1.6a)
\pgf@path@lastx=\dimen191
\pgf@path@lasty=\dimen192
) (g:/Tinytex/texmf-dist/tex/generic/pgf/basiclayer/pgfcorepathusage.code.tex
File: pgfcorepathusage.code.tex 2020/10/01 v3.1.6a (3.1.6a)
\pgf@shorten@end@additional=\dimen193
\pgf@shorten@start@additional=\dimen194
) (g:/Tinytex/texmf-dist/tex/generic/pgf/basiclayer/pgfcorescopes.code.tex
File: pgfcorescopes.code.tex 2020/10/01 v3.1.6a (3.1.6a)
\pgfpic=\box58
\pgf@hbox=\box59
\pgf@layerbox@main=\box60
\pgf@picture@serial@count=\count275
) (g:/Tinytex/texmf-dist/tex/generic/pgf/basiclayer/pgfcoregraphicstate.code.te
x
File: pgfcoregraphicstate.code.tex 2020/10/01 v3.1.6a (3.1.6a)
\pgflinewidth=\dimen195
)
(g:/Tinytex/texmf-dist/tex/generic/pgf/basiclayer/pgfcoretransformations.code.t
ex
File: pgfcoretransformations.code.tex 2020/10/01 v3.1.6a (3.1.6a)
\pgf@pt@x=\dimen196
\pgf@pt@y=\dimen197
\pgf@pt@temp=\dimen198
) (g:/Tinytex/texmf-dist/tex/generic/pgf/basiclayer/pgfcorequick.code.tex
File: pgfcorequick.code.tex 2020/10/01 v3.1.6a (3.1.6a)
) (g:/Tinytex/texmf-dist/tex/generic/pgf/basiclayer/pgfcoreobjects.code.tex
File: pgfcoreobjects.code.tex 2020/10/01 v3.1.6a (3.1.6a)
)
(g:/Tinytex/texmf-dist/tex/generic/pgf/basiclayer/pgfcorepathprocessing.code.te
x
File: pgfcorepathprocessing.code.tex 2020/10/01 v3.1.6a (3.1.6a)
) (g:/Tinytex/texmf-dist/tex/generic/pgf/basiclayer/pgfcorearrows.code.tex
File: pgfcorearrows.code.tex 2020/10/01 v3.1.6a (3.1.6a)
\pgfarrowsep=\dimen199
) (g:/Tinytex/texmf-dist/tex/generic/pgf/basiclayer/pgfcoreshade.code.tex
File: pgfcoreshade.code.tex 2020/10/01 v3.1.6a (3.1.6a)
\pgf@max=\dimen256
\pgf@sys@shading@range@num=\count276
\pgf@shadingcount=\count277
) (g:/Tinytex/texmf-dist/tex/generic/pgf/basiclayer/pgfcoreimage.code.tex
File: pgfcoreimage.code.tex 2020/10/01 v3.1.6a (3.1.6a)
(g:/Tinytex/texmf-dist/tex/generic/pgf/basiclayer/pgfcoreexternal.code.tex
File: pgfcoreexternal.code.tex 2020/10/01 v3.1.6a (3.1.6a)
\pgfexternal@startupbox=\box61
)) (g:/Tinytex/texmf-dist/tex/generic/pgf/basiclayer/pgfcorelayers.code.tex
File: pgfcorelayers.code.tex 2020/10/01 v3.1.6a (3.1.6a)
) (g:/Tinytex/texmf-dist/tex/generic/pgf/basiclayer/pgfcoretransparency.code.te
x
File: pgfcoretransparency.code.tex 2020/10/01 v3.1.6a (3.1.6a)
) (g:/Tinytex/texmf-dist/tex/generic/pgf/basiclayer/pgfcorepatterns.code.tex
File: pgfcorepatterns.code.tex 2020/10/01 v3.1.6a (3.1.6a)
) (g:/Tinytex/texmf-dist/tex/generic/pgf/basiclayer/pgfcorerdf.code.tex
File: pgfcorerdf.code.tex 2020/10/01 v3.1.6a (3.1.6a)
))) (g:/Tinytex/texmf-dist/tex/latex/pgf/utilities/xxcolor.sty
Package: xxcolor 2003/10/24 ver 0.1
\XC@nummixins=\count278
\XC@countmixins=\count279
) (g:/Tinytex/texmf-dist/tex/latex/base/atbegshi-ltx.sty
Package: atbegshi-ltx 2020/08/17 v1.0a Emulation of the original atbegshi packa
ge
with kernel methods
) (g:/Tinytex/texmf-dist/tex/latex/hyperref/hyperref.sty
Package: hyperref 2020-05-15 v7.00e Hypertext links for LaTeX
(g:/Tinytex/texmf-dist/tex/generic/ltxcmds/ltxcmds.sty
Package: ltxcmds 2020-05-10 v1.25 LaTeX kernel commands for general use (HO)
) (g:/Tinytex/texmf-dist/tex/generic/pdftexcmds/pdftexcmds.sty
Package: pdftexcmds 2020-06-27 v0.33 Utility functions of pdfTeX for LuaTeX (HO
)
(g:/Tinytex/texmf-dist/tex/generic/infwarerr/infwarerr.sty
Package: infwarerr 2019/12/03 v1.5 Providing info/warning/error messages (HO)
)
Package pdftexcmds Info: \pdf@primitive is available.
Package pdftexcmds Info: \pdf@ifprimitive is available.
Package pdftexcmds Info: \pdfdraftmode not found.
) (g:/Tinytex/texmf-dist/tex/generic/kvsetkeys/kvsetkeys.sty
Package: kvsetkeys 2019/12/15 v1.18 Key value parser (HO)
) (g:/Tinytex/texmf-dist/tex/generic/kvdefinekeys/kvdefinekeys.sty
Package: kvdefinekeys 2019-12-19 v1.6 Define keys (HO)
) (g:/Tinytex/texmf-dist/tex/generic/pdfescape/pdfescape.sty
Package: pdfescape 2019/12/09 v1.15 Implements pdfTeX's escape features (HO)
) (g:/Tinytex/texmf-dist/tex/latex/hycolor/hycolor.sty
Package: hycolor 2020-01-27 v1.10 Color options for hyperref/bookmark (HO)
) (g:/Tinytex/texmf-dist/tex/latex/letltxmacro/letltxmacro.sty
Package: letltxmacro 2019/12/03 v1.6 Let assignment for LaTeX macros (HO)
) (g:/Tinytex/texmf-dist/tex/latex/auxhook/auxhook.sty
Package: auxhook 2019-12-17 v1.6 Hooks for auxiliary files (HO)
) (g:/Tinytex/texmf-dist/tex/latex/kvoptions/kvoptions.sty
Package: kvoptions 2020-10-07 v3.14 Key value format for package options (HO)
)
\@linkdim=\dimen257
\Hy@linkcounter=\count280
\Hy@pagecounter=\count281
(g:/Tinytex/texmf-dist/tex/latex/hyperref/pd1enc.def
File: pd1enc.def 2020-05-15 v7.00e Hyperref: PDFDocEncoding definition (HO)
) (g:/Tinytex/texmf-dist/tex/generic/intcalc/intcalc.sty
Package: intcalc 2019/12/15 v1.3 Expandable calculations with integers (HO)
) (g:/Tinytex/texmf-dist/tex/generic/etexcmds/etexcmds.sty
Package: etexcmds 2019/12/15 v1.7 Avoid name clashes with e-TeX commands (HO)
)
\Hy@SavedSpaceFactor=\count282
Package hyperref Info: Option `unicode' set `true' on input line 4338.
(g:/Tinytex/texmf-dist/tex/latex/hyperref/puenc.def
File: puenc.def 2020-05-15 v7.00e Hyperref: PDF Unicode definition (HO)
)
Package hyperref Info: Option `bookmarks' set `true' on input line 4338.
Package hyperref Info: Option `bookmarksopen' set `true' on input line 4338.
Package hyperref Info: Option `implicit' set `false' on input line 4338.
Package hyperref Info: Hyper figures OFF on input line 4464.
Package hyperref Info: Link nesting OFF on input line 4469.
Package hyperref Info: Hyper index ON on input line 4472.
Package hyperref Info: Plain pages OFF on input line 4479.
Package hyperref Info: Backreferencing OFF on input line 4484.
Package hyperref Info: Implicit mode OFF; no redefinition of LaTeX internals.
Package hyperref Info: Bookmarks ON on input line 4717.
\c@Hy@tempcnt=\count283
(g:/Tinytex/texmf-dist/tex/latex/url/url.sty
\Urlmuskip=\muskip16
Package: url 2013/09/16  ver 3.4  Verb mode for urls, etc.
)
LaTeX Info: Redefining \url on input line 5076.
\XeTeXLinkMargin=\dimen258
(g:/Tinytex/texmf-dist/tex/generic/bitset/bitset.sty
Package: bitset 2019/12/09 v1.3 Handle bit-vector datatype (HO)
(g:/Tinytex/texmf-dist/tex/generic/bigintcalc/bigintcalc.sty
Package: bigintcalc 2019/12/15 v1.5 Expandable calculations on big integers (HO
)
))
\Fld@menulength=\count284
\Field@Width=\dimen259
\Fld@charsize=\dimen260
Package hyperref Info: Hyper figures OFF on input line 6347.
Package hyperref Info: Link nesting OFF on input line 6352.
Package hyperref Info: Hyper index ON on input line 6355.
Package hyperref Info: backreferencing OFF on input line 6362.
Package hyperref Info: Link coloring OFF on input line 6367.
Package hyperref Info: Link coloring with OCG OFF on input line 6372.
Package hyperref Info: PDF/A mode OFF on input line 6377.
LaTeX Info: Redefining \ref on input line 6417.
LaTeX Info: Redefining \pageref on input line 6421.
\Hy@abspage=\count285

Package hyperref Message: Stopped early.

)
Package hyperref Info: Driver (autodetected): hxetex.
(g:/Tinytex/texmf-dist/tex/latex/hyperref/hxetex.def
File: hxetex.def 2020-05-15 v7.00e Hyperref driver for XeTeX
(g:/Tinytex/texmf-dist/tex/generic/stringenc/stringenc.sty
Package: stringenc 2019/11/29 v1.12 Convert strings between diff. encodings (HO
)
)
\pdfm@box=\box62
\c@Hy@AnnotLevel=\count286
\HyField@AnnotCount=\count287
\Fld@listcount=\count288
\c@bookmark@seq@number=\count289
(g:/Tinytex/texmf-dist/tex/latex/rerunfilecheck/rerunfilecheck.sty
Package: rerunfilecheck 2019/12/05 v1.9 Rerun checks for auxiliary files (HO)
(g:/Tinytex/texmf-dist/tex/latex/base/atveryend-ltx.sty
Package: atveryend-ltx 2020/08/19 v1.0a Emulation of the original atvery packag
e
with kernel methods
) (g:/Tinytex/texmf-dist/tex/generic/uniquecounter/uniquecounter.sty
Package: uniquecounter 2019/12/15 v1.4 Provide unlimited unique counter (HO)
)
Package uniquecounter Info: New unique counter `rerunfilecheck' on input line 2
86.
)) (g:/Tinytex/texmf-dist/tex/latex/beamer/beamerbaserequires.sty (g:/Tinytex/t
exmf-dist/tex/latex/beamer/beamerbasecompatibility.sty) (g:/Tinytex/texmf-dist/
tex/latex/beamer/beamerbasefont.sty (g:/Tinytex/texmf-dist/tex/latex/amsfonts/a
mssymb.sty
Package: amssymb 2013/01/14 v3.01 AMS font symbols
(g:/Tinytex/texmf-dist/tex/latex/amsfonts/amsfonts.sty
Package: amsfonts 2013/01/14 v3.01 Basic AMSFonts support
\@emptytoks=\toks27
\symAMSa=\mathgroup4
\symAMSb=\mathgroup5
LaTeX Font Info:    Redeclaring math symbol \hbar on input line 98.
LaTeX Font Info:    Overwriting math alphabet `\mathfrak' in version `bold'
(Font)                  U/euf/m/n --> U/euf/b/n on input line 106.
))) (g:/Tinytex/texmf-dist/tex/latex/beamer/beamerbasetranslator.sty (g:/Tinyte
x/texmf-dist/tex/latex/translator/translator.sty
Package: translator 2020-08-03 v1.12c Easy translation of strings in LaTeX
)) (g:/Tinytex/texmf-dist/tex/latex/beamer/beamerbasemisc.sty) (g:/Tinytex/texm
f-dist/tex/latex/beamer/beamerbasetwoscreens.sty) (g:/Tinytex/texmf-dist/tex/la
tex/beamer/beamerbaseoverlay.sty
\beamer@argscount=\count290
\beamer@lastskipcover=\skip50
\beamer@trivlistdepth=\count291
) (g:/Tinytex/texmf-dist/tex/latex/beamer/beamerbasetitle.sty) (g:/Tinytex/texm
f-dist/tex/latex/beamer/beamerbasesection.sty
\c@lecture=\count292
\c@part=\count293
\c@section=\count294
\c@subsection=\count295
\c@subsubsection=\count296
) (g:/Tinytex/texmf-dist/tex/latex/beamer/beamerbaseframe.sty
\beamer@framebox=\box63
\beamer@frametitlebox=\box64
\beamer@zoombox=\box65
\beamer@zoomcount=\count297
\beamer@zoomframecount=\count298
\beamer@frametextheight=\dimen261
\c@subsectionslide=\count299
\beamer@frametopskip=\skip51
\beamer@framebottomskip=\skip52
\beamer@frametopskipautobreak=\skip53
\beamer@framebottomskipautobreak=\skip54
\beamer@envbody=\toks28
\framewidth=\dimen262
\c@framenumber=\count300
) (g:/Tinytex/texmf-dist/tex/latex/beamer/beamerbaseverbatim.sty
\beamer@verbatimfileout=\write4
) (g:/Tinytex/texmf-dist/tex/latex/beamer/beamerbaseframesize.sty
\beamer@splitbox=\box66
\beamer@autobreakcount=\count301
\beamer@autobreaklastheight=\dimen263
\beamer@frametitletoks=\toks29
\beamer@framesubtitletoks=\toks30
) (g:/Tinytex/texmf-dist/tex/latex/beamer/beamerbaseframecomponents.sty
\beamer@footins=\box67
) (g:/Tinytex/texmf-dist/tex/latex/beamer/beamerbasecolor.sty) (g:/Tinytex/texm
f-dist/tex/latex/beamer/beamerbasenotes.sty
\beamer@frameboxcopy=\box68
) (g:/Tinytex/texmf-dist/tex/latex/beamer/beamerbasetoc.sty) (g:/Tinytex/texmf-
dist/tex/latex/beamer/beamerbasetemplates.sty
\beamer@sbttoks=\toks31
(g:/Tinytex/texmf-dist/tex/latex/beamer/beamerbaseauxtemplates.sty (g:/Tinytex/
texmf-dist/tex/latex/beamer/beamerbaseboxes.sty
\bmb@box=\box69
\bmb@colorbox=\box70
\bmb@boxshadow=\box71
\bmb@boxshadowball=\box72
\bmb@boxshadowballlarge=\box73
\bmb@temp=\dimen264
\bmb@dima=\dimen265
\bmb@dimb=\dimen266
\bmb@prevheight=\dimen267
)
\beamer@blockheadheight=\dimen268
)) (g:/Tinytex/texmf-dist/tex/latex/beamer/beamerbaselocalstructure.sty (g:/Tin
ytex/texmf-dist/tex/latex/tools/enumerate.sty
Package: enumerate 2015/07/23 v3.00 enumerate extensions (DPC)
\@enLab=\toks32
)
\c@figure=\count302
\c@table=\count303
\abovecaptionskip=\skip55
\belowcaptionskip=\skip56
) (g:/Tinytex/texmf-dist/tex/latex/beamer/beamerbasenavigation.sty
\beamer@section@min@dim=\dimen269
) (g:/Tinytex/texmf-dist/tex/latex/beamer/beamerbasetheorems.sty (g:/Tinytex/te
xmf-dist/tex/latex/amsmath/amsmath.sty
Package: amsmath 2020/09/23 v2.17i AMS math features
\@mathmargin=\skip57
For additional information on amsmath, use the `?' option.
(g:/Tinytex/texmf-dist/tex/latex/amsmath/amstext.sty
Package: amstext 2000/06/29 v2.01 AMS text
(g:/Tinytex/texmf-dist/tex/latex/amsmath/amsgen.sty
File: amsgen.sty 1999/11/30 v2.0 generic functions
\@emptytoks=\toks33
\ex@=\dimen270
)) (g:/Tinytex/texmf-dist/tex/latex/amsmath/amsbsy.sty
Package: amsbsy 1999/11/29 v1.2d Bold Symbols
\pmbraise@=\dimen271
) (g:/Tinytex/texmf-dist/tex/latex/amsmath/amsopn.sty
Package: amsopn 2016/03/08 v2.02 operator names
)
\inf@bad=\count304
LaTeX Info: Redefining \frac on input line 234.
\uproot@=\count305
\leftroot@=\count306
LaTeX Info: Redefining \overline on input line 399.
\classnum@=\count307
\DOTSCASE@=\count308
LaTeX Info: Redefining \ldots on input line 496.
LaTeX Info: Redefining \dots on input line 499.
LaTeX Info: Redefining \cdots on input line 620.
\Mathstrutbox@=\box74
\strutbox@=\box75
\big@size=\dimen272
LaTeX Font Info:    Redeclaring font encoding OML on input line 743.
LaTeX Font Info:    Redeclaring font encoding OMS on input line 744.
\macc@depth=\count309
\c@MaxMatrixCols=\count310
\dotsspace@=\muskip17
\c@parentequation=\count311
\dspbrk@lvl=\count312
\tag@help=\toks34
\row@=\count313
\column@=\count314
\maxfields@=\count315
\andhelp@=\toks35
\eqnshift@=\dimen273
\alignsep@=\dimen274
\tagshift@=\dimen275
\tagwidth@=\dimen276
\totwidth@=\dimen277
\lineht@=\dimen278
\@envbody=\toks36
\multlinegap=\skip58
\multlinetaggap=\skip59
\mathdisplay@stack=\toks37
LaTeX Info: Redefining \[ on input line 2923.
LaTeX Info: Redefining \] on input line 2924.
) (g:/Tinytex/texmf-dist/tex/latex/amscls/amsthm.sty
Package: amsthm 2020/05/29 v2.20.6
\thm@style=\toks38
\thm@bodyfont=\toks39
\thm@headfont=\toks40
\thm@notefont=\toks41
\thm@headpunct=\toks42
\thm@preskip=\skip60
\thm@postskip=\skip61
\thm@headsep=\skip62
\dth@everypar=\toks43
)
\c@theorem=\count316
) (g:/Tinytex/texmf-dist/tex/latex/beamer/beamerbasethemes.sty)) (g:/Tinytex/te
xmf-dist/tex/latex/beamer/beamerthemedefault.sty (g:/Tinytex/texmf-dist/tex/lat
ex/beamer/beamerfontthemedefault.sty) (g:/Tinytex/texmf-dist/tex/latex/beamer/b
eamercolorthemedefault.sty) (g:/Tinytex/texmf-dist/tex/latex/beamer/beamerinner
themedefault.sty
\beamer@dima=\dimen279
\beamer@dimb=\dimen280
) (g:/Tinytex/texmf-dist/tex/latex/beamer/beamerouterthemedefault.sty))) (g:/Ti
nytex/texmf-dist/tex/latex/pgf/utilities/pgfpages.sty
Package: pgfpages 2011/01/05 ver 0.02
(g:/Tinytex/texmf-dist/tex/latex/tools/calc.sty
Package: calc 2017/05/25 v4.3 Infix arithmetic (KKT,FJ)
\calc@Acount=\count317
\calc@Bcount=\count318
\calc@Adimen=\dimen281
\calc@Bdimen=\dimen282
\calc@Askip=\skip63
\calc@Bskip=\skip64
LaTeX Info: Redefining \setlength on input line 80.
LaTeX Info: Redefining \addtolength on input line 81.
\calc@Ccount=\count319
\calc@Cskip=\skip65
)
\pgf@logicalpages=\count320
\pgf@firstshipout=\count321
\pgf@lastshipout=\count322
\pgf@currentshipout=\count323
\pgf@cpn=\count324
\pgf@shipoutnextto=\count325
\pgfphysicalheight=\dimen283
\pgfphysicalwidth=\dimen284
\pgfpages@shipoutbox=\box76
) (g:/Tinytex/texmf-dist/tex/latex/lm/lmodern.sty
Package: lmodern 2009/10/30 v1.6 Latin Modern Fonts
LaTeX Font Info:    Overwriting symbol font `operators' in version `normal'
(Font)                  OT1/cmr/m/n --> OT1/lmr/m/n on input line 22.
LaTeX Font Info:    Overwriting symbol font `letters' in version `normal'
(Font)                  OML/cmm/m/it --> OML/lmm/m/it on input line 23.
LaTeX Font Info:    Overwriting symbol font `symbols' in version `normal'
(Font)                  OMS/cmsy/m/n --> OMS/lmsy/m/n on input line 24.
LaTeX Font Info:    Overwriting symbol font `largesymbols' in version `normal'
(Font)                  OMX/cmex/m/n --> OMX/lmex/m/n on input line 25.
LaTeX Font Info:    Overwriting symbol font `operators' in version `bold'
(Font)                  OT1/cmr/bx/n --> OT1/lmr/bx/n on input line 26.
LaTeX Font Info:    Overwriting symbol font `letters' in version `bold'
(Font)                  OML/cmm/b/it --> OML/lmm/b/it on input line 27.
LaTeX Font Info:    Overwriting symbol font `symbols' in version `bold'
(Font)                  OMS/cmsy/b/n --> OMS/lmsy/b/n on input line 28.
LaTeX Font Info:    Overwriting symbol font `largesymbols' in version `bold'
(Font)                  OMX/cmex/m/n --> OMX/lmex/m/n on input line 29.
LaTeX Font Info:    Overwriting math alphabet `\mathbf' in version `normal'
(Font)                  OT1/cmr/bx/n --> OT1/lmr/bx/n on input line 31.
LaTeX Font Info:    Overwriting math alphabet `\mathsf' in version `normal'
(Font)                  OT1/cmss/m/n --> OT1/lmss/m/n on input line 32.
LaTeX Font Info:    Overwriting math alphabet `\mathit' in version `normal'
(Font)                  OT1/cmr/m/it --> OT1/lmr/m/it on input line 33.
LaTeX Font Info:    Overwriting math alphabet `\mathtt' in version `normal'
(Font)                  OT1/cmtt/m/n --> OT1/lmtt/m/n on input line 34.
LaTeX Font Info:    Overwriting math alphabet `\mathbf' in version `bold'
(Font)                  OT1/cmr/bx/n --> OT1/lmr/bx/n on input line 35.
LaTeX Font Info:    Overwriting math alphabet `\mathsf' in version `bold'
(Font)                  OT1/cmss/bx/n --> OT1/lmss/bx/n on input line 36.
LaTeX Font Info:    Overwriting math alphabet `\mathit' in version `bold'
(Font)                  OT1/cmr/bx/it --> OT1/lmr/bx/it on input line 37.
LaTeX Font Info:    Overwriting math alphabet `\mathtt' in version `bold'
(Font)                  OT1/cmtt/m/n --> OT1/lmtt/m/n on input line 38.
) (g:/Tinytex/texmf-dist/tex/generic/iftex/ifxetex.sty
Package: ifxetex 2019/10/25 v0.7 ifxetex legacy package. Use iftex instead.
) (g:/Tinytex/texmf-dist/tex/generic/iftex/ifluatex.sty
Package: ifluatex 2019/10/25 v1.5 ifluatex legacy package. Use iftex instead.
) (g:/Tinytex/texmf-dist/tex/latex/base/fixltx2e.sty
Package: fixltx2e 2016/12/29 v2.1a fixes to LaTeX (obsolete)
Applying: [2015/01/01] Old fixltx2e package on input line 46.

Package fixltx2e Warning: fixltx2e is not required with releases after 2015
(fixltx2e)                All fixes are now in the LaTeX kernel.
(fixltx2e)                See the latexrelease package for details.

Already applied: [0000/00/00] Old fixltx2e package on input line 53.
) (g:/Tinytex/texmf-dist/tex/xelatex/mathspec/mathspec.sty
Package: mathspec 2016/12/22 v0.2b LaTeX Package (Mathematics font selection fo
r XeLaTeX)
(g:/Tinytex/texmf-dist/tex/latex/fontspec/fontspec.sty (g:/Tinytex/texmf-dist/t
ex/latex/l3packages/xparse/xparse.sty (g:/Tinytex/texmf-dist/tex/latex/l3kernel
/expl3.sty
Package: expl3 2020-10-27 L3 programming layer (loader) 
(g:/Tinytex/texmf-dist/tex/latex/l3backend/l3backend-xetex.def
File: l3backend-xetex.def 2020-09-24 L3 backend support: XeTeX
\g__graphics_track_int=\count326
\l__pdf_internal_box=\box77
\g__pdf_backend_object_int=\count327
\g__pdf_backend_annotation_int=\count328
))
Package: xparse 2020-10-27 L3 Experimental document command parser
(g:/Tinytex/texmf-dist/tex/latex/l3packages/xparse/xparse-generic.tex))
Package: fontspec 2020/02/21 v2.7i Font selection for XeLaTeX and LuaLaTeX
(g:/Tinytex/texmf-dist/tex/latex/fontspec/fontspec-xetex.sty
Package: fontspec-xetex 2020/02/21 v2.7i Font selection for XeLaTeX and LuaLaTe
X
\l__fontspec_script_int=\count329
\l__fontspec_language_int=\count330
\l__fontspec_strnum_int=\count331
\l__fontspec_tmp_int=\count332
\l__fontspec_tmpa_int=\count333
\l__fontspec_tmpb_int=\count334
\l__fontspec_tmpc_int=\count335
\l__fontspec_em_int=\count336
\l__fontspec_emdef_int=\count337
\l__fontspec_strong_int=\count338
\l__fontspec_strongdef_int=\count339
\l__fontspec_tmpa_dim=\dimen285
\l__fontspec_tmpb_dim=\dimen286
\l__fontspec_tmpc_dim=\dimen287
(g:/Tinytex/texmf-dist/tex/latex/base/fontenc.sty
Package: fontenc 2020/08/10 v2.0s Standard LaTeX package
) (g:/Tinytex/texmf-dist/tex/latex/fontspec/fontspec.cfg))) (g:/Tinytex/texmf-d
ist/tex/latex/xkeyval/xkeyval.sty
Package: xkeyval 2014/12/03 v2.7a package option processing (HA)
(g:/Tinytex/texmf-dist/tex/generic/xkeyval/xkeyval.tex (g:/Tinytex/texmf-dist/t
ex/generic/xkeyval/xkvutils.tex
\XKV@toks=\toks44
\XKV@tempa@toks=\toks45
)
\XKV@depth=\count340
File: xkeyval.tex 2014/12/03 v2.7a key=value parser (HA)
))
\c@eu@=\count341
\c@eu@i=\count342
\c@mkern=\count343
)
(g:/Tinytex/texmf-dist/tex/latex/beamertheme-metropolis/beamerthememetropolis.s
ty
Package: beamerthememetropolis 2017/01/23 v1.2 Metropolis Beamer theme
(g:/Tinytex/texmf-dist/tex/latex/pgfopts/pgfopts.sty
Package: pgfopts 2014/07/10 v2.1a LaTeX package options with pgfkeys
(g:/Tinytex/texmf-dist/tex/latex/pgf/utilities/pgfkeys.sty (g:/Tinytex/texmf-di
st/tex/generic/pgf/utilities/pgfkeys.code.tex))
\pgfopts@list@add@a@toks=\toks46
\pgfopts@list@add@b@toks=\toks47
)
(g:/Tinytex/texmf-dist/tex/latex/beamertheme-metropolis/beamerinnerthememetropo
lis.sty
Package: beamerinnerthememetropolis 2017/01/23 Metropolis inner theme
(g:/Tinytex/texmf-dist/tex/latex/pgf/frontendlayer/tikz.sty (g:/Tinytex/texmf-d
ist/tex/latex/pgf/basiclayer/pgf.sty
Package: pgf 2020/10/01 v3.1.6a (3.1.6a)
(g:/Tinytex/texmf-dist/tex/generic/pgf/modules/pgfmoduleshapes.code.tex
File: pgfmoduleshapes.code.tex 2020/10/01 v3.1.6a (3.1.6a)
\pgfnodeparttextbox=\box78
) (g:/Tinytex/texmf-dist/tex/generic/pgf/modules/pgfmoduleplot.code.tex
File: pgfmoduleplot.code.tex 2020/10/01 v3.1.6a (3.1.6a)
) (g:/Tinytex/texmf-dist/tex/latex/pgf/compatibility/pgfcomp-version-0-65.sty
Package: pgfcomp-version-0-65 2020/10/01 v3.1.6a (3.1.6a)
\pgf@nodesepstart=\dimen288
\pgf@nodesepend=\dimen289
) (g:/Tinytex/texmf-dist/tex/latex/pgf/compatibility/pgfcomp-version-1-18.sty
Package: pgfcomp-version-1-18 2020/10/01 v3.1.6a (3.1.6a)
)) (g:/Tinytex/texmf-dist/tex/latex/pgf/utilities/pgffor.sty (g:/Tinytex/texmf-
dist/tex/latex/pgf/math/pgfmath.sty (g:/Tinytex/texmf-dist/tex/generic/pgf/math
/pgfmath.code.tex)) (g:/Tinytex/texmf-dist/tex/generic/pgf/utilities/pgffor.cod
e.tex
Package: pgffor 2020/10/01 v3.1.6a (3.1.6a)
(g:/Tinytex/texmf-dist/tex/generic/pgf/math/pgfmath.code.tex)
\pgffor@iter=\dimen290
\pgffor@skip=\dimen291
\pgffor@stack=\toks48
\pgffor@toks=\toks49
)) (g:/Tinytex/texmf-dist/tex/generic/pgf/frontendlayer/tikz/tikz.code.tex
Package: tikz 2020/10/01 v3.1.6a (3.1.6a)

(g:/Tinytex/texmf-dist/tex/generic/pgf/libraries/pgflibraryplothandlers.code.te
x
File: pgflibraryplothandlers.code.tex 2020/10/01 v3.1.6a (3.1.6a)
\pgf@plot@mark@count=\count344
\pgfplotmarksize=\dimen292
)
\tikz@lastx=\dimen293
\tikz@lasty=\dimen294
\tikz@lastxsaved=\dimen295
\tikz@lastysaved=\dimen296
\tikz@lastmovetox=\dimen297
\tikz@lastmovetoy=\dimen298
\tikzleveldistance=\dimen299
\tikzsiblingdistance=\dimen300
\tikz@figbox=\box79
\tikz@figbox@bg=\box80
\tikz@tempbox=\box81
\tikz@tempbox@bg=\box82
\tikztreelevel=\count345
\tikznumberofchildren=\count346
\tikznumberofcurrentchild=\count347
\tikz@fig@count=\count348
(g:/Tinytex/texmf-dist/tex/generic/pgf/modules/pgfmodulematrix.code.tex
File: pgfmodulematrix.code.tex 2020/10/01 v3.1.6a (3.1.6a)
\pgfmatrixcurrentrow=\count349
\pgfmatrixcurrentcolumn=\count350
\pgf@matrix@numberofcolumns=\count351
)
\tikz@expandcount=\count352

(g:/Tinytex/texmf-dist/tex/generic/pgf/frontendlayer/tikz/libraries/tikzlibrary
topaths.code.tex
File: tikzlibrarytopaths.code.tex 2020/10/01 v3.1.6a (3.1.6a)
)))
\metropolis@titleseparator@linewidth=\skip66
\metropolis@progressonsectionpage=\skip67
\metropolis@progressonsectionpage@linewidth=\skip68
\metropolis@blocksep=\skip69
\metropolis@blockadjust=\skip70
\metropolis@parskip=\skip71
)
(g:/Tinytex/texmf-dist/tex/latex/beamertheme-metropolis/beamerouterthememetropo
lis.sty
Package: beamerouterthememetropolis 2017/01/23 Metropolis outer theme
\metropolis@frametitle@padding=\skip72
\metropolis@progressinheadfoot=\skip73
\metropolis@progressinheadfoot@linewidth=\skip74
)
(g:/Tinytex/texmf-dist/tex/latex/beamertheme-metropolis/beamercolorthememetropo
lis.sty
Package: beamercolorthememetropolis 2017/01/23 Metropolis color theme
)
(g:/Tinytex/texmf-dist/tex/latex/beamertheme-metropolis/beamerfontthememetropol
is.sty
Package: beamerfontthememetropolis 2017/01/23 Metropolis font theme
\c@fontsnotfound=\count353

Package beamerthememetropolis Warning: Could not find Fira Sans fonts on input 
line 95.


Package beamerthememetropolis Warning: Could not find Fira Mono fonts on input 
line 95.

)) (g:/Tinytex/texmf-dist/tex/latex/upquote/upquote.sty
Package: upquote 2012/04/19 v1.3 upright-quote and grave-accent glyphs in verba
tim
(g:/Tinytex/texmf-dist/tex/latex/base/textcomp.sty
Package: textcomp 2020/02/02 v2.0n Standard LaTeX package
))
Package hyperref Info: Option `colorlinks' set `true' on input line 58.
Package hyperref Info: Option `breaklinks' set `true' on input line 58.
(g:/Tinytex/texmf-dist/tex/latex/tools/longtable.sty
Package: longtable 2020/01/07 v4.13 Multi-page Table package (DPC)
\LTleft=\skip75
\LTright=\skip76
\LTpre=\skip77
\LTpost=\skip78
\LTchunksize=\count354
\LTcapwidth=\dimen301
\LT@head=\box83
\LT@firsthead=\box84
\LT@foot=\box85
\LT@lastfoot=\box86
\LT@cols=\count355
\LT@rows=\count356
\c@LT@tables=\count357
\c@LT@chunks=\count358
\LT@p@ftn=\toks50
) (g:/Tinytex/texmf-dist/tex/latex/booktabs/booktabs.sty
Package: booktabs 2020/01/12 v1.61803398 Publication quality tables
\heavyrulewidth=\dimen302
\lightrulewidth=\dimen303
\cmidrulewidth=\dimen304
\belowrulesep=\dimen305
\belowbottomsep=\dimen306
\aboverulesep=\dimen307
\abovetopsep=\dimen308
\cmidrulesep=\dimen309
\cmidrulekern=\dimen310
\defaultaddspace=\dimen311
\@cmidla=\count359
\@cmidlb=\count360
\@aboverulesep=\dimen312
\@belowrulesep=\dimen313
\@thisruleclass=\count361
\@lastruleclass=\count362
\@thisrulewidth=\dimen314
) (g:/Tinytex/texmf-dist/tex/latex/caption/caption.sty
Package: caption 2020/10/26 v3.5g Customizing captions (AR)
(g:/Tinytex/texmf-dist/tex/latex/caption/caption3.sty
Package: caption3 2020/10/21 v2.2e caption3 kernel (AR)
\captionmargin=\dimen315
\captionmargin@=\dimen316
\captionwidth=\dimen317
\caption@tempdima=\dimen318
\caption@indent=\dimen319
\caption@parindent=\dimen320
\caption@hangindent=\dimen321
Package caption Info: beamer document class detected.
(g:/Tinytex/texmf-dist/tex/latex/caption/caption-beamer.sto
File: caption-beamer.sto 2020/08/22 v2.0 Adaption of the caption package to the
 beamer document classes (AR)
))
\c@caption@flags=\count363
\c@continuedfloat=\count364
Package caption Info: hyperref package is loaded.
Package caption Info: Hyperref support is turned off
(caption)             because hyperref has stopped early.
Package caption Info: longtable package is loaded.
(g:/Tinytex/texmf-dist/tex/latex/caption/ltcaption.sty
Package: ltcaption 2020/05/30 v1.4b longtable captions (AR)
)) (g:/Tinytex/texmf-dist/tex/latex/ctex/ctex.sty
Package: ctex 2020/10/19 v2.5.5 Chinese adapter in LaTeX (CTEX)
(g:/Tinytex/texmf-dist/tex/latex/l3packages/l3keys2e/l3keys2e.sty
Package: l3keys2e 2020-10-27 LaTeX2e option processing using LaTeX3 keys
) (g:/Tinytex/texmf-dist/tex/latex/ctex/ctexhook.sty
Package: ctexhook 2020/10/19 v2.5.5 Document and package hooks (CTEX)
) (g:/Tinytex/texmf-dist/tex/latex/ctex/ctexpatch.sty
Package: ctexpatch 2020/10/19 v2.5.5 Patching commands (CTEX)
) (g:/Tinytex/texmf-dist/tex/latex/base/fix-cm.sty
Package: fix-cm 2015/01/14 v1.1t fixes to LaTeX
(g:/Tinytex/texmf-dist/tex/latex/base/ts1enc.def
File: ts1enc.def 2001/06/05 v3.0e (jk/car/fm) Standard LaTeX file
LaTeX Font Info:    Redeclaring font encoding TS1 on input line 47.
)) (g:/Tinytex/texmf-dist/tex/latex/ms/everysel.sty
Package: everysel 2011/10/28 v1.2 EverySelectfont Package (MS)
)
\l__ctex_tmp_int=\count365
\l__ctex_tmp_box=\box87
\l__ctex_tmp_dim=\dimen322
\g__ctex_section_depth_int=\count366
\g__ctex_font_size_int=\count367
(g:/Tinytex/texmf-dist/tex/latex/ctex/config/ctexopts.cfg
File: ctexopts.cfg 2020/10/19 v2.5.5 Option configuration file (CTEX)
) (g:/Tinytex/texmf-dist/tex/latex/ctex/engine/ctex-engine-xetex.def
File: ctex-engine-xetex.def 2020/10/19 v2.5.5 XeLaTeX adapter (CTEX)
(g:/Tinytex/texmf-dist/tex/xelatex/xecjk/xeCJK.sty
Package: xeCJK 2020/10/19 v3.8.6 Typesetting CJK scripts with XeLaTeX
(g:/Tinytex/texmf-dist/tex/latex/l3packages/xtemplate/xtemplate.sty
Package: xtemplate 2020-10-27 L3 Experimental prototype document functions
\l__xtemplate_tmp_dim=\dimen323
\l__xtemplate_tmp_int=\count368
\l__xtemplate_tmp_muskip=\muskip18
\l__xtemplate_tmp_skip=\skip79
)
\l__xeCJK_tmp_int=\count369
\l__xeCJK_tmp_box=\box88
\l__xeCJK_tmp_dim=\dimen324
\l__xeCJK_tmp_skip=\skip80
\g__xeCJK_space_factor_int=\count370
\l__xeCJK_begin_int=\count371
\l__xeCJK_end_int=\count372
\c__xeCJK_CJK_class_int=\XeTeXcharclass1
\c__xeCJK_FullLeft_class_int=\XeTeXcharclass2
\c__xeCJK_FullRight_class_int=\XeTeXcharclass3
\c__xeCJK_HalfLeft_class_int=\XeTeXcharclass4
\c__xeCJK_HalfRight_class_int=\XeTeXcharclass5
\c__xeCJK_NormalSpace_class_int=\XeTeXcharclass6
\c__xeCJK_CM_class_int=\XeTeXcharclass7
\c__xeCJK_HangulJamo_class_int=\XeTeXcharclass8
\l__xeCJK_last_skip=\skip81
\g__xeCJK_node_int=\count373
\c__xeCJK_CJK_node_dim=\dimen325
\c__xeCJK_CJK-space_node_dim=\dimen326
\c__xeCJK_default_node_dim=\dimen327
\c__xeCJK_default-space_node_dim=\dimen328
\c__xeCJK_CJK-widow_node_dim=\dimen329
\c__xeCJK_normalspace_node_dim=\dimen330
\l__xeCJK_ccglue_skip=\skip82
\l__xeCJK_ecglue_skip=\skip83
\l__xeCJK_punct_kern_skip=\skip84
\l__xeCJK_last_penalty_int=\count374
\l__xeCJK_last_bound_dim=\dimen331
\l__xeCJK_last_kern_dim=\dimen332
\l__xeCJK_widow_penalty_int=\count375

Package xtemplate Info: Declaring object type 'xeCJK/punctuation' taking 0
(xtemplate)             argument(s) on line 2341.

\l__xeCJK_fixed_punct_width_dim=\dimen333
\l__xeCJK_mixed_punct_width_dim=\dimen334
\l__xeCJK_middle_punct_width_dim=\dimen335
\l__xeCJK_fixed_margin_width_dim=\dimen336
\l__xeCJK_mixed_margin_width_dim=\dimen337
\l__xeCJK_middle_margin_width_dim=\dimen338
\l__xeCJK_bound_punct_width_dim=\dimen339
\l__xeCJK_bound_margin_width_dim=\dimen340
\l__xeCJK_margin_minimum_dim=\dimen341
\l__xeCJK_kerning_total_width_dim=\dimen342
\l__xeCJK_same_align_margin_dim=\dimen343
\l__xeCJK_different_align_margin_dim=\dimen344
\l__xeCJK_kerning_margin_width_dim=\dimen345
\l__xeCJK_kerning_margin_minimum_dim=\dimen346
\l__xeCJK_bound_dim=\dimen347
\l__xeCJK_reverse_bound_dim=\dimen348
\l__xeCJK_margin_dim=\dimen349
\l__xeCJK_minimum_bound_dim=\dimen350
\l__xeCJK_kerning_margin_dim=\dimen351
\g__xeCJK_family_int=\count376
\l__xeCJK_fam_int=\count377
\g__xeCJK_fam_allocation_int=\count378
\l__xeCJK_verb_case_int=\count379
\l__xeCJK_verb_exspace_skip=\skip85
(g:/Tinytex/texmf-dist/tex/xelatex/xecjk/xeCJK.cfg
File: xeCJK.cfg 2020/10/19 v3.8.6 Configuration file for xeCJK package
))
\ccwd=\dimen352
\l__ctex_ccglue_skip=\skip86
)
\l__ctex_ziju_dim=\dimen353
(g:/Tinytex/texmf-dist/tex/latex/zhnumber/zhnumber.sty
Package: zhnumber 2020/05/01 v2.8 Typesetting numbers with Chinese glyphs
\l__zhnum_scale_int=\count380
(g:/Tinytex/texmf-dist/tex/latex/zhnumber/zhnumber-utf8.cfg
File: zhnumber-utf8.cfg 2020/05/01 v2.8 Chinese numerals with UTF8 encoding
)) (g:/Tinytex/texmf-dist/tex/latex/ctex/scheme/ctex-scheme-chinese.def
File: ctex-scheme-chinese.def 2020/10/19 v2.5.5 Chinese scheme for generic (CTE
X)
(g:/Tinytex/texmf-dist/tex/latex/ctex/config/ctex-name-utf8.cfg
File: ctex-name-utf8.cfg 2020/10/19 v2.5.5 Caption with encoding UTF-8 (CTEX)
)) (g:/Tinytex/texmf-dist/tex/latex/ctex/fontset/ctex-fontset-fandol.def
File: ctex-fontset-fandol.def 2020/10/19 v2.5.5 Fandol fonts definition (CTEX)

Package fontspec Warning: Font "FandolSong-Regular" does not contain requested
(fontspec)                Script "CJK".


Package fontspec Info: FandolSong-Regular scale = 1.030160523730429.


Package fontspec Info: FandolSong-Regular scale = 1.030160523730429.


Package fontspec Info: FandolSong-Bold scale = 0.9999971361229406.


Package fontspec Info: FandolKai-Regular scale = 1.004522387544447.


Package fontspec Info: Font family 'FandolSong-Regular(0)' created for font
(fontspec)             'FandolSong-Regular' with options
(fontspec)             [Ligatures=TeX,Scale=MatchLowercase,Script={CJK},Extensi
on={.otf},BoldFont={FandolSong-Bold},ItalicFont={FandolKai-Regular}].
(fontspec)              
(fontspec)              This font family consists of the following NFSS
(fontspec)             series/shapes:
(fontspec)              
(fontspec)             - 'normal' (m/n) with NFSS spec.:
(fontspec)             <->s*[1.030160523730429]"[FandolSong-Regular.otf]/OT:lan
guage=dflt;mapping=tex-text;"
(fontspec)             - 'small caps'  (m/sc) with NFSS spec.: 
(fontspec)             - 'bold' (b/n) with NFSS spec.:
(fontspec)             <->s*[0.9999971361229406]"[FandolSong-Bold.otf]/OT:langu
age=dflt;mapping=tex-text;"
(fontspec)             - 'bold small caps'  (b/sc) with NFSS spec.: 
(fontspec)             - 'italic' (m/it) with NFSS spec.:
(fontspec)             <->s*[1.004522387544447]"[FandolKai-Regular.otf]/OT:lang
uage=dflt;mapping=tex-text;"
(fontspec)             - 'italic small caps'  (m/scit) with NFSS spec.: 

)) (g:/Tinytex/texmf-dist/tex/latex/ctex/config/ctex.cfg
File: ctex.cfg 2020/10/19 v2.5.5 Configuration file (CTEX)
) (./header.tex (g:/Tinytex/texmf-dist/tex/latex/tools/array.sty
Package: array 2020/10/01 v2.5c Tabular extension package (FMi)
\col@sep=\dimen354
\ar@mcellbox=\box89
\extrarowheight=\dimen355
\NC@list=\toks51
\extratabsurround=\skip87
\backup@length=\skip88
\ar@cellbox=\box90
) (g:/Tinytex/texmf-dist/tex/latex/multirow/multirow.sty
Package: multirow 2019/05/31 v2.5 Span multiple rows of a table
\multirow@colwidth=\skip89
\multirow@cntb=\count381
\multirow@dima=\skip90
\bigstrutjot=\dimen356
) (g:/Tinytex/texmf-dist/tex/latex/wrapfig/wrapfig.sty
\wrapoverhang=\dimen357
\WF@size=\dimen358
\c@WF@wrappedlines=\count382
\WF@box=\box91
\WF@everypar=\toks52
Package: wrapfig 2003/01/31  v 3.6
) (g:/Tinytex/texmf-dist/tex/latex/float/float.sty
Package: float 2001/11/08 v1.3d Float enhancements (AL)
\c@float@type=\count383
\float@exts=\toks53
\float@box=\box92
\@float@everytoks=\toks54
\@floatcapt=\box93
) (g:/Tinytex/texmf-dist/tex/latex/colortbl/colortbl.sty
Package: colortbl 2020/01/04 v1.0e Color table columns (DPC)
\everycr=\toks55
\minrowclearance=\skip91
) (g:/Tinytex/texmf-dist/tex/latex/pdflscape/pdflscape.sty
Package: pdflscape 2019/12/05 v0.12 Display of landscape pages in PDF (HO)
(g:/Tinytex/texmf-dist/tex/latex/graphics/lscape.sty
Package: lscape 2020/05/28 v3.02 Landscape Pages (DPC)
)
Package pdflscape Info: Auto-detected driver: dvipdfm (xetex) on input line 98.

) (g:/Tinytex/texmf-dist/tex/latex/tabu/tabu.sty
Package: tabu 2019/01/11 v2.9 - flexible LaTeX tabulars (FC+tabu-fixed)
(g:/Tinytex/texmf-dist/tex/latex/varwidth/varwidth.sty
Package: varwidth 2009/03/30 ver 0.92;  Variable-width minipages
\@vwid@box=\box94
\sift@deathcycles=\count384
\@vwid@loff=\dimen359
\@vwid@roff=\dimen360
)
\c@taburow=\count385
\tabu@nbcols=\count386
\tabu@cnt=\count387
\tabu@Xcol=\count388
\tabu@alloc=\count389
\tabu@nested=\count390
\tabu@target=\dimen361
\tabu@spreadtarget=\dimen362
\tabu@naturalX=\dimen363
\tabucolX=\dimen364
\tabu@Xsum=\dimen365
\extrarowdepth=\dimen366
\abovetabulinesep=\dimen367
\belowtabulinesep=\dimen368
\tabustrutrule=\dimen369
\tabu@thebody=\toks56
\tabu@footnotes=\toks57
\tabu@box=\box95
\tabu@arstrutbox=\box96
\tabu@hleads=\box97
\tabu@vleads=\box98
\tabu@cellskip=\skip92
) (g:/Tinytex/texmf-dist/tex/latex/threeparttable/threeparttable.sty
Package: threeparttable 2003/06/13  v 3.0
\@tempboxb=\box99
) (g:/Tinytex/texmf-dist/tex/latex/threeparttablex/threeparttablex.sty
Package: threeparttablex 2013/07/23 v0.3 by daleif
(g:/Tinytex/texmf-dist/tex/latex/environ/environ.sty
Package: environ 2014/05/04 v0.3 A new way to define environments
(g:/Tinytex/texmf-dist/tex/latex/trimspaces/trimspaces.sty
Package: trimspaces 2009/09/17 v1.1 Trim spaces around a token list
))
\TPTL@width=\skip93
) (g:/Tinytex/texmf-dist/tex/latex/makecell/makecell.sty
Package: makecell 2009/08/03 V0.1e Managing of Tab Column Heads and Cells
\rotheadsize=\dimen370
\c@nlinenum=\count391
\TeXr@lab=\toks58
) (g:/Tinytex/texmf-dist/tex/latex/xtab/xtab.sty
Package: xtab 2011/07/31 v2.3f Extended supertabular package
\c@tracingst=\count392
\PWSTcapht=\dimen371
\ST@wd=\dimen372
\ST@rightskip=\skip94
\ST@leftskip=\skip95
\ST@parfillskip=\skip96
\c@PWSTtable=\count393
\PWSTlastpage=\count394
\PWSTpenultimate=\count395
\PWSTcurpage=\count396
\PWSTtempc=\count397
\PWSTlines=\count398
\PWST@lastht=\dimen373
\PWST@generalht=\dimen374
\PWST@ht=\dimen375
\ST@pageleft=\dimen376
\ST@headht=\dimen377
\ST@tailht=\dimen378
\ST@pagesofar=\dimen379
\ST@pboxht=\dimen380
\ST@lineht=\dimen381
\ST@stretchht=\dimen382
\ST@prevht=\dimen383
\ST@toadd=\dimen384
\ST@dimen=\dimen385
\ST@pbox=\box100
) (g:/Tinytex/texmf-dist/tex/generic/ulem/ulem.sty
\UL@box=\box101
\UL@hyphenbox=\box102
\UL@skip=\skip97
\UL@hook=\toks59
\UL@height=\dimen386
\UL@pe=\count399
\UL@pixel=\dimen387
\ULC@box=\box103
Package: ulem 2019/11/18
\ULdepth=\dimen388
))

Package fontspec Warning: Font "FandolHei-Regular" does not contain requested
(fontspec)                Script "CJK".


Package fontspec Info: FandolHei-Regular scale = 0.9977511908401744.


Package fontspec Info: FandolHei-Regular scale = 0.9977511908401744.


Package fontspec Info: FandolHei-Bold scale = 0.9406757058920197.


Package fontspec Info: Font family 'FandolHei-Regular(0)' created for font
(fontspec)             'FandolHei-Regular' with options
(fontspec)             [Ligatures=TeX,Scale=MatchLowercase,Script={CJK},Extensi
on={.otf},BoldFont={FandolHei-Bold}].
(fontspec)              
(fontspec)              This font family consists of the following NFSS
(fontspec)             series/shapes:
(fontspec)              
(fontspec)             - 'normal' (m/n) with NFSS spec.:
(fontspec)             <->s*[0.9977511908401744]"[FandolHei-Regular.otf]/OT:lan
guage=dflt;mapping=tex-text;"
(fontspec)             - 'small caps'  (m/sc) with NFSS spec.: 
(fontspec)             - 'bold' (b/n) with NFSS spec.:
(fontspec)             <->s*[0.9406757058920197]"[FandolHei-Bold.otf]/OT:langua
ge=dflt;mapping=tex-text;"
(fontspec)             - 'bold small caps'  (b/sc) with NFSS spec.: 

(./why_learn_R.aux)
\openout1 = `why_learn_R.aux'.

LaTeX Font Info:    Checking defaults for OML/cmm/m/it on input line 129.
LaTeX Font Info:    ... okay on input line 129.
LaTeX Font Info:    Checking defaults for OMS/cmsy/m/n on input line 129.
LaTeX Font Info:    ... okay on input line 129.
LaTeX Font Info:    Checking defaults for OT1/cmr/m/n on input line 129.
LaTeX Font Info:    ... okay on input line 129.
LaTeX Font Info:    Checking defaults for T1/cmr/m/n on input line 129.
LaTeX Font Info:    ... okay on input line 129.
LaTeX Font Info:    Checking defaults for TS1/cmr/m/n on input line 129.
LaTeX Font Info:    ... okay on input line 129.
LaTeX Font Info:    Checking defaults for TU/lmr/m/n on input line 129.
LaTeX Font Info:    ... okay on input line 129.
LaTeX Font Info:    Checking defaults for OMX/cmex/m/n on input line 129.
LaTeX Font Info:    ... okay on input line 129.
LaTeX Font Info:    Checking defaults for U/cmr/m/n on input line 129.
LaTeX Font Info:    ... okay on input line 129.
LaTeX Font Info:    Checking defaults for PD1/pdf/m/n on input line 129.
LaTeX Font Info:    ... okay on input line 129.
LaTeX Font Info:    Checking defaults for PU/pdf/m/n on input line 129.
LaTeX Font Info:    ... okay on input line 129.
*geometry* driver: auto-detecting
*geometry* detected driver: xetex
*geometry* verbose mode - [ preamble ] result:
* driver: xetex
* paper: custom
* layout: <same size as paper>
* layoutoffset:(h,v)=(0.0pt,0.0pt)
* modes: includehead includefoot 
* h-part:(L,W,R)=(28.45274pt, 307.28987pt, 28.45274pt)
* v-part:(T,H,B)=(0.0pt, 273.14662pt, 0.0pt)
* \paperwidth=364.19536pt
* \paperheight=273.14662pt
* \textwidth=307.28987pt
* \textheight=244.6939pt
* \oddsidemargin=-43.81725pt
* \evensidemargin=-43.81725pt
* \topmargin=-72.26999pt
* \headheight=14.22636pt
* \headsep=0.0pt
* \topskip=12.0pt
* \footskip=14.22636pt
* \marginparwidth=4.0pt
* \marginparsep=10.0pt
* \columnsep=10.0pt
* \skip\footins=10.8pt plus 4.0pt minus 2.0pt
* \hoffset=0.0pt
* \voffset=0.0pt
* \mag=1000
* \@twocolumnfalse
* \@twosidefalse
* \@mparswitchfalse
* \@reversemarginfalse
* (1in=72.27pt=25.4mm, 1cm=28.453pt)

Package hyperref Info: Link coloring ON on input line 129.
(g:/Tinytex/texmf-dist/tex/latex/hyperref/nameref.sty
Package: nameref 2019/09/16 v2.46 Cross-referencing by name of section
(g:/Tinytex/texmf-dist/tex/latex/refcount/refcount.sty
Package: refcount 2019/12/15 v3.6 Data extraction from label references (HO)
) (g:/Tinytex/texmf-dist/tex/generic/gettitlestring/gettitlestring.sty
Package: gettitlestring 2019/12/15 v1.6 Cleanup title references (HO)
)
\c@section@level=\count400
)
LaTeX Info: Redefining \ref on input line 129.
LaTeX Info: Redefining \pageref on input line 129.
LaTeX Info: Redefining \nameref on input line 129.
(./why_learn_R.out) (./why_learn_R.out)
\@outlinefile=\write5
\openout5 = `why_learn_R.out'.

LaTeX Font Info:    Overwriting symbol font `operators' in version `normal'
(Font)                  OT1/lmr/m/n --> OT1/cmss/m/n on input line 129.
LaTeX Font Info:    Overwriting symbol font `operators' in version `bold'
(Font)                  OT1/lmr/bx/n --> OT1/cmss/b/n on input line 129.
LaTeX Font Info:    Overwriting symbol font `operators' in version `normal'
(Font)                  OT1/cmss/m/n --> OT1/lmss/m/n on input line 129.
LaTeX Font Info:    Overwriting symbol font `operators' in version `bold'
(Font)                  OT1/cmss/b/n --> OT1/lmss/b/n on input line 129.
\symnumbers=\mathgroup6
\sympureletters=\mathgroup7
LaTeX Font Info:    Overwriting math alphabet `\mathrm' in version `normal'
(Font)                  OT1/lmss/m/n --> TU/lmr/m/n on input line 129.
LaTeX Font Info:    Redeclaring math alphabet \mathbf on input line 129.
LaTeX Font Info:    Overwriting math alphabet `\mathbf' in version `normal'
(Font)                  OT1/lmr/bx/n --> TU/lmss/b/n on input line 129.
LaTeX Font Info:    Overwriting math alphabet `\mathbf' in version `bold'
(Font)                  OT1/lmr/bx/n --> TU/lmss/b/n on input line 129.
LaTeX Font Info:    Redeclaring math alphabet \mathsf on input line 129.
LaTeX Font Info:    Overwriting math alphabet `\mathsf' in version `normal'
(Font)                  OT1/lmss/m/n --> TU/lmss/m/n on input line 129.
LaTeX Font Info:    Overwriting math alphabet `\mathsf' in version `bold'
(Font)                  OT1/lmss/bx/n --> TU/lmss/m/n on input line 129.
LaTeX Font Info:    Redeclaring math alphabet \mathit on input line 129.
LaTeX Font Info:    Overwriting math alphabet `\mathit' in version `normal'
(Font)                  OT1/lmr/m/it --> TU/lmss/m/it on input line 129.
LaTeX Font Info:    Overwriting math alphabet `\mathit' in version `bold'
(Font)                  OT1/lmr/bx/it --> TU/lmss/m/it on input line 129.
LaTeX Font Info:    Redeclaring math alphabet \mathtt on input line 129.
LaTeX Font Info:    Overwriting math alphabet `\mathtt' in version `normal'
(Font)                  OT1/lmtt/m/n --> TU/lmtt/m/n on input line 129.
LaTeX Font Info:    Overwriting math alphabet `\mathtt' in version `bold'
(Font)                  OT1/lmtt/m/n --> TU/lmtt/m/n on input line 129.
LaTeX Font Info:    Overwriting symbol font `numbers' in version `bold'
(Font)                  TU/lmss/m/n --> TU/lmss/b/n on input line 129.
LaTeX Font Info:    Overwriting symbol font `pureletters' in version `bold'
(Font)                  TU/lmss/m/it --> TU/lmss/b/it on input line 129.
LaTeX Font Info:    Overwriting math alphabet `\mathrm' in version `bold'
(Font)                  OT1/lmss/b/n --> TU/lmr/b/n on input line 129.
LaTeX Font Info:    Overwriting math alphabet `\mathbf' in version `bold'
(Font)                  TU/lmss/b/n --> TU/lmss/b/n on input line 129.
LaTeX Font Info:    Overwriting math alphabet `\mathsf' in version `bold'
(Font)                  TU/lmss/m/n --> TU/lmss/b/n on input line 129.
LaTeX Font Info:    Overwriting math alphabet `\mathit' in version `bold'
(Font)                  TU/lmss/m/it --> TU/lmss/b/it on input line 129.
LaTeX Font Info:    Overwriting math alphabet `\mathtt' in version `bold'
(Font)                  TU/lmtt/m/n --> TU/lmtt/b/n on input line 129.

(g:/Tinytex/texmf-dist/tex/latex/translator/translator-basic-dictionary-English
.dict
Dictionary: translator-basic-dictionary, Language: English 
)
(g:/Tinytex/texmf-dist/tex/latex/translator/translator-bibliography-dictionary-
English.dict
Dictionary: translator-bibliography-dictionary, Language: English 
)
(g:/Tinytex/texmf-dist/tex/latex/translator/translator-environment-dictionary-E
nglish.dict
Dictionary: translator-environment-dictionary, Language: English 
)
(g:/Tinytex/texmf-dist/tex/latex/translator/translator-months-dictionary-Englis
h.dict
Dictionary: translator-months-dictionary, Language: English 
)
(g:/Tinytex/texmf-dist/tex/latex/translator/translator-numbers-dictionary-Engli
sh.dict
Dictionary: translator-numbers-dictionary, Language: English 
)
(g:/Tinytex/texmf-dist/tex/latex/translator/translator-theorem-dictionary-Engli
sh.dict
Dictionary: translator-theorem-dictionary, Language: English 
)
(g:/Tinytex/texmf-dist/tex/latex/ctex/dictionary/translator-theorem-dictionary-
ChineseUTF8.dict
Dictionary: translator-theorem-dictionary, Language: ChineseUTF8 2020/10/19 v2.
5.5 Chinese translation for theorem name (CTEX)
)
Package caption Info: Begin \AtBeginDocument code.
Package caption Info: float package is loaded.
Package caption Info: xtab package is loaded.
Package caption Info: threeparttable package is loaded.
Package caption Info: wrapfig package is loaded.
Package caption Info: End \AtBeginDocument code.
ABD: EverySelectfont initializing macros
LaTeX Info: Redefining \selectfont on input line 129.
(./why_learn_R.nav)
LaTeX Font Info:    Font shape `TU/FandolHei-Regular(0)/b/n' will be
(Font)              scaled to size 16.25484pt on input line 134.
LaTeX Font Info:    Font shape `TU/FandolHei-Regular(0)/m/n' will be
(Font)              scaled to size 10.92543pt on input line 134.
LaTeX Font Info:    Font shape `TU/FandolHei-Regular(0)/m/n' will be
(Font)              scaled to size 7.98206pt on input line 134.

Overfull \vbox (16.67491pt too high) detected at line 134
 []

[1

] [2

]
LaTeX Font Info:    Font shape `TU/FandolHei-Regular(0)/m/n' will be
(Font)              scaled to size 20.69348pt on input line 151.
LaTeX Font Info:    Font shape `TU/FandolHei-Regular(0)/b/n' will be
(Font)              scaled to size 13.54568pt on input line 151.
[3

]
LaTeX Font Info:    Font shape `TU/FandolHei-Regular(0)/m/n' will be
(Font)              scaled to size 11.97308pt on input line 188.

Package fontspec Warning: Font "FandolFang-Regular" does not contain requested
(fontspec)                Script "CJK".


Package fontspec Info: FandolFang-Regular scale = 0.9694313445096907.


Package fontspec Info: FandolFang-Regular scale = 0.9694313445096907.


Package fontspec Info: Font family 'FandolFang-Regular(0)' created for font
(fontspec)             'FandolFang-Regular' with options
(fontspec)             [Ligatures=TeX,Scale=MatchLowercase,Script={CJK},Extensi
on={.otf}].
(fontspec)              
(fontspec)              This font family consists of the following NFSS
(fontspec)             series/shapes:
(fontspec)              
(fontspec)             - 'normal' (m/n) with NFSS spec.:
(fontspec)             <->s*[0.9694313445096907]"[FandolFang-Regular.otf]/OT:la
nguage=dflt;mapping=tex-text;"
(fontspec)             - 'small caps'  (m/sc) with NFSS spec.: 

LaTeX Font Info:    Trying to load font information for OT1+lmss on input line 
188.
(g:/Tinytex/texmf-dist/tex/latex/lm/ot1lmss.fd
File: ot1lmss.fd 2009/10/30 v1.6 Font defs for Latin Modern
)
LaTeX Font Info:    Trying to load font information for OML+lmm on input line 1
88.
(g:/Tinytex/texmf-dist/tex/latex/lm/omllmm.fd
File: omllmm.fd 2009/10/30 v1.6 Font defs for Latin Modern
)
LaTeX Font Info:    Trying to load font information for OMS+lmsy on input line 
188.
(g:/Tinytex/texmf-dist/tex/latex/lm/omslmsy.fd
File: omslmsy.fd 2009/10/30 v1.6 Font defs for Latin Modern
)
LaTeX Font Info:    Trying to load font information for OMX+lmex on input line 
188.
(g:/Tinytex/texmf-dist/tex/latex/lm/omxlmex.fd
File: omxlmex.fd 2009/10/30 v1.6 Font defs for Latin Modern
)
LaTeX Font Info:    External font `lmex10' loaded for size
(Font)              <10.95> on input line 188.
LaTeX Font Info:    External font `lmex10' loaded for size
(Font)              <8> on input line 188.
LaTeX Font Info:    External font `lmex10' loaded for size
(Font)              <6> on input line 188.
LaTeX Font Info:    Trying to load font information for U+msa on input line 188
.
(g:/Tinytex/texmf-dist/tex/latex/amsfonts/umsa.fd
File: umsa.fd 2013/01/14 v3.01 AMS symbols A
)
LaTeX Font Info:    Trying to load font information for U+msb on input line 188
.
(g:/Tinytex/texmf-dist/tex/latex/amsfonts/umsb.fd
File: umsb.fd 2013/01/14 v3.01 AMS symbols B
)
LaTeX Font Info:    Font shape `TU/lmss/m/it' in size <10.95> not available
(Font)              Font shape `TU/lmss/m/sl' tried instead on input line 188.
LaTeX Font Info:    Font shape `TU/lmss/m/it' in size <8> not available
(Font)              Font shape `TU/lmss/m/sl' tried instead on input line 188.
LaTeX Font Info:    Font shape `TU/lmss/m/it' in size <6> not available
(Font)              Font shape `TU/lmss/m/sl' tried instead on input line 188.
[4

]
LaTeX Font Info:    External font `lmex10' loaded for size
(Font)              <12> on input line 191.
LaTeX Font Info:    Font shape `TU/lmss/m/it' in size <12> not available
(Font)              Font shape `TU/lmss/m/sl' tried instead on input line 191.
[5

]
File: images/R_inventor.png Graphic file (type bmp)
<images/R_inventor.png>

Overfull \vbox (20.53632pt too high) detected at line 203
 []

[6

] [7

] [8

]
File: images/tiobe-index.png Graphic file (type bmp)
<images/tiobe-index.png>

Overfull \vbox (4.5171pt too high) detected at line 260
 []

[9

]
File: images/Rinstall.png Graphic file (type bmp)
<images/Rinstall.png>
[10

]
File: images/rstudio-editor.png Graphic file (type bmp)
<images/rstudio-editor.png>

Overfull \vbox (25.15607pt too high) detected at line 274
 []

[11

]
File: images/engine_dashboard.png Graphic file (type bmp)
<images/engine_dashboard.png>
[12

]
File: images/rstudio_cloud.png Graphic file (type bmp)
<images/rstudio_cloud.png>
[13

]
File: images/rstudio-cloud.png Graphic file (type bmp)
<images/rstudio-cloud.png>
[14

]
File: images/hadley-wickham.jpg Graphic file (type bmp)
<images/hadley-wickham.jpg>
[15

] [16

]
File: images/data-science-explore.png Graphic file (type bmp)
<images/data-science-explore.png>
[17

]
File: images/tidyverse.png Graphic file (type bmp)
<images/tidyverse.png>
[18

]
\openout4 = `why_learn_R.vrb'.

(./why_learn_R.vrb
File: images/rstudio-cloud-run.png Graphic file (type bmp)
<images/rstudio-cloud-run.png>
) [19

]
\openout4 = `why_learn_R.vrb'.

(./why_learn_R.vrb
File: images/rstudio-cloud-pdf.png Graphic file (type bmp)
<images/rstudio-cloud-pdf.png>
) [20

]
LaTeX Font Info:    Font shape `TU/FandolHei-Regular(0)/m/n' will be
(Font)              scaled to size 24.82419pt on input line 361.
[21

]
File: images/arrival-movie.png Graphic file (type bmp)
<images/arrival-movie.png>
LaTeX Font Info:    Font shape `TU/FandolHei-Regular(0)/b/n' will be
(Font)              scaled to size 10.30037pt on input line 373.
[22

]
File: images/night_king.jpg Graphic file (type bmp)
<images/night_king.jpg>

Overfull \vbox (3.00157pt too high) detected at line 385
 []

[23

] [24

]
File: images/social_science.jpg Graphic file (type bmp)
<images/social_science.jpg>

Overfull \vbox (5.51003pt too high) detected at line 395
 []

[25

]
File: images/HotlineDrake1.jpg Graphic file (type bmp)
<images/HotlineDrake1.jpg>

Overfull \vbox (21.5836pt too high) detected at line 402
 []

[26

]
File: images/R_Excel.png Graphic file (type bmp)
<images/R_Excel.png>

Overfull \vbox (43.80762pt too high) detected at line 409
 []

[27

]
File: images/nature_editorial.png Graphic file (type bmp)
<images/nature_editorial.png>

Overfull \vbox (8.10524pt too high) detected at line 417
 []

[28

]
File: images/picardfacepalm1.png Graphic file (type bmp)
<images/picardfacepalm1.png>
[29

]
File: images/picardfacepalm2.png Graphic file (type bmp)
<images/picardfacepalm2.png>
[30

]
File: images/picardfacepalm2.png Graphic file (type bmp)
<images/picardfacepalm2.png>
[31

] [32

]
File: images/why_R_is_best_language.png Graphic file (type bmp)
<images/why_R_is_best_language.png>
LaTeX Font Info:    External font `lmex10' loaded for size
(Font)              <5> on input line 460.
LaTeX Font Info:    Font shape `TU/lmss/m/it' in size <5> not available
(Font)              Font shape `TU/lmss/m/sl' tried instead on input line 460.

Overfull \vbox (32.48093pt too high) detected at line 460
 []

[33

]
File: images/memeR1.jpg Graphic file (type bmp)
<images/memeR1.jpg>

Overfull \vbox (5.38857pt too high) detected at line 465
 []

[34

]
File: images/memeR2.png Graphic file (type bmp)
<images/memeR2.png>
[35

]
File: images/memeR3.png Graphic file (type bmp)
<images/memeR3.png>
[36

]
File: images/memeR4.png Graphic file (type bmp)
<images/memeR4.png>
[37

]
File: images/memeR5.png Graphic file (type bmp)
<images/memeR5.png>
[38

]
File: images/welcome.png Graphic file (type bmp)
<images/welcome.png>
[39

]
\tf@nav=\write6
\openout6 = `why_learn_R.nav'.

\tf@toc=\write7
\openout7 = `why_learn_R.toc'.

\tf@snm=\write8
\openout8 = `why_learn_R.snm'.

(./why_learn_R.aux)
Package rerunfilecheck Info: File `why_learn_R.out' has not changed.
(rerunfilecheck)             Checksum: 5A394461934FCCA2A6E961B8BAFF1F87;232.
 ) 
Here is how much of TeX's memory you used:
 33643 strings out of 479401
 708330 string characters out of 5880784
 1029945 words of memory out of 5000000
 52198 multiletter control sequences out of 15000+600000
 555087 words of font info for 100 fonts, out of 8000000 for 9000
 14 hyphenation exceptions out of 8191
 107i,13n,137p,1814b,745s stack positions out of 5000i,500n,10000p,200000b,80000s

Output written on why_learn_R.pdf (39 pages).

! kpathsea:make_tex: Invalid filename `Fira Sans Light', contains ' '
! kpathsea:make_tex: Invalid filename `Fira Sans Light Italic', contains ' '
! kpathsea:make_tex: Invalid filename `Fira Sans', contains ' '
! kpathsea:make_tex: Invalid filename `Fira Sans Italic', contains ' '
! kpathsea:make_tex: Invalid filename `Fira Sans Light OT', contains ' '
! kpathsea:make_tex: Invalid filename `Fira Sans Light Italic OT', contains ' '
! kpathsea:make_tex: Invalid filename `Fira Sans OT', contains ' '
! kpathsea:make_tex: Invalid filename `Fira Sans Italic OT', contains ' '
! kpathsea:make_tex: Invalid filename `Fira Mono', contains ' '
! kpathsea:make_tex: Invalid filename `Fira Mono Bold', contains ' '
! kpathsea:make_tex: Invalid filename `Fira Mono OT', contains ' '
! kpathsea:make_tex: Invalid filename `Fira Mono Bold OT', contains ' '
